verification result:
spin -a  calculator_mockerror.pml
gcc -DMEMLIM=1024 -O2 -DXUSAFE -DSAFETY -DNOCLAIM -w -o pan pan.c
./pan -m10000 
Pid: 2059
pan:1: assertion violated (rgt!=0) (at depth 25)
pan: wrote calculator_mockerror.pml.trail

(Spin Version 6.5.2 -- 21 June 2024)
Warning: Search not completed
	+ Partial Order Reduction

Full statespace search for:
	never claim         	- (not selected)
	assertion violations	+
	cycle checks       	- (disabled by -DSAFETY)
	invalid end states	+

State-vector 224 byte, depth reached 25, errors: 1
       24 states, stored
        0 states, matched
       24 transitions (= stored+matched)
        0 atomic steps
hash conflicts:         0 (resolved)

Stats on memory usage (in Megabytes):
    0.006	equivalent memory usage for states (stored*(State-vector + overhead))
    0.289	actual memory usage for states
  128.000	memory used for hash table (-w24)
    0.534	memory used for DFS stack (-m10000)
  128.730	total actual memory usage



pan: elapsed time 0.021 seconds
To replay the error-trail, goto Simulate/Replay and select "Run"


