verification result:
spin -a  eratosthenes_mockerror.pml
gcc -DMEMLIM=1024 -O2 -DXUSAFE -DSAFETY -DNOCLAIM -w -o pan pan.c
./pan -m10000 
Pid: 31
pan:1: assertion violated 0 (at depth 297)
pan: wrote eratosthenes_mockerror.pml.trail

(Spin Version 6.5.2 -- 21 June 2024)
Warning: Search not completed
	+ Partial Order Reduction

Full statespace search for:
	never claim         	- (not selected)
	assertion violations	+
	cycle checks       	- (disabled by -DSAFETY)
	invalid end states	+

State-vector 284 byte, depth reached 297, errors: 1
      252 states, stored
        0 states, matched
      252 transitions (= stored+matched)
        0 atomic steps
hash conflicts:         0 (resolved)

Stats on memory usage (in Megabytes):
    0.075	equivalent memory usage for states (stored*(State-vector + overhead))
    0.288	actual memory usage for states
  128.000	memory used for hash table (-w24)
    0.534	memory used for DFS stack (-m10000)
  128.730	total actual memory usage



pan: elapsed time 0.03 seconds
To replay the error-trail, goto Simulate/Replay and select "Run"


