
(Spin Version 6.5.2 -- 21 June 2024)
	+ Partial Order Reduction

Full statespace search for:
	never claim         	- (none specified)
	assertion violations	+
	acceptance   cycles 	- (not selected)
	invalid end states	+

State-vector 264 byte, depth reached 65, errors: 0
       57 states, stored
        0 states, matched
       57 transitions (= stored+matched)
        0 atomic steps
hash conflicts:         0 (resolved)

Stats on memory usage (in Megabytes):
    0.016	equivalent memory usage for states (stored*(State-vector + overhead))
    0.286	actual memory usage for states
  128.000	memory used for hash table (-w24)
    0.534	memory used for DFS stack (-m10000)
  128.730	total actual memory usage


unreached in proctype calc
	calculator.pml:24, state 16, "assert(0)"
	(1 of 24 states)
unreached in init
	(0 of 13 states)

pan: elapsed time 0.002 seconds
